生成启动时间为 2019/11/8 16:37:59。
     1>项目“C:\Users\一路初心\Documents\Visual Studio 2013\Projects\输出数组中出现次数超过一半的数字\输出数组中出现次数超过一半的数字\输出数组中出现次数超过一半的数字.vcxproj”在节点 2 上(Build 个目标)。
     1>ClCompile:
         E:\BaiduNetdiskDownload\新建文件夹\VC\bin\CL.exe /c /ZI /nologo /W3 /WX- /sdl /Od /Oy- /D _UNICODE /D UNICODE /Gm /EHsc /RTC1 /MDd /GS /fp:precise /Zc:wchar_t /Zc:forScope /Fo"Debug\\" /Fd"Debug\vc120.pdb" /Gd /TP /analyze- /errorReport:prompt test.cpp
         test.cpp
     1>c:\users\一路初心\documents\visual studio 2013\projects\输出数组中出现次数超过一半的数字\输出数组中出现次数超过一半的数字\test.cpp(12): error C2061: 语法错误: 标识符“vector”
     1>c:\users\一路初心\documents\visual studio 2013\projects\输出数组中出现次数超过一半的数字\输出数组中出现次数超过一半的数字\test.cpp(58): error C2143: 语法错误 : 缺少“;”(在“<”的前面)
     1>c:\users\一路初心\documents\visual studio 2013\projects\输出数组中出现次数超过一半的数字\输出数组中出现次数超过一半的数字\test.cpp(58): error C4430: 缺少类型说明符 - 假定为 int。注意:  C++ 不支持默认 int
     1>c:\users\一路初心\documents\visual studio 2013\projects\输出数组中出现次数超过一半的数字\输出数组中出现次数超过一半的数字\test.cpp(58): error C2238: 意外的标记位于“;”之前
     1>c:\users\一路初心\documents\visual studio 2013\projects\输出数组中出现次数超过一半的数字\输出数组中出现次数超过一半的数字\test.cpp(14): error C2065: “numbers”: 未声明的标识符
     1>c:\users\一路初心\documents\visual studio 2013\projects\输出数组中出现次数超过一半的数字\输出数组中出现次数超过一半的数字\test.cpp(14): error C2228: “.empty”的左边必须有类/结构/联合
                 类型是“unknown-type”
     1>c:\users\一路初心\documents\visual studio 2013\projects\输出数组中出现次数超过一半的数字\输出数组中出现次数超过一半的数字\test.cpp(16): error C2065: “numbers”: 未声明的标识符
     1>c:\users\一路初心\documents\visual studio 2013\projects\输出数组中出现次数超过一半的数字\输出数组中出现次数超过一半的数字\test.cpp(16): error C2228: “.begin”的左边必须有类/结构/联合
                 类型是“unknown-type”
     1>c:\users\一路初心\documents\visual studio 2013\projects\输出数组中出现次数超过一半的数字\输出数组中出现次数超过一半的数字\test.cpp(16): error C2228: “.end”的左边必须有类/结构/联合
                 类型是“unknown-type”
     1>c:\users\一路初心\documents\visual studio 2013\projects\输出数组中出现次数超过一半的数字\输出数组中出现次数超过一半的数字\test.cpp(16): error C3861: “sort”:  找不到标识符
     1>c:\users\一路初心\documents\visual studio 2013\projects\输出数组中出现次数超过一半的数字\输出数组中出现次数超过一半的数字\test.cpp(18): error C2065: “numbers”: 未声明的标识符
     1>c:\users\一路初心\documents\visual studio 2013\projects\输出数组中出现次数超过一半的数字\输出数组中出现次数超过一半的数字\test.cpp(18): error C2228: “.size”的左边必须有类/结构/联合
                 类型是“unknown-type”
     1>c:\users\一路初心\documents\visual studio 2013\projects\输出数组中出现次数超过一半的数字\输出数组中出现次数超过一半的数字\test.cpp(20): error C2065: “numbers”: 未声明的标识符
     1>c:\users\一路初心\documents\visual studio 2013\projects\输出数组中出现次数超过一半的数字\输出数组中出现次数超过一半的数字\test.cpp(23): error C2065: “numbers”: 未声明的标识符
     1>c:\users\一路初心\documents\visual studio 2013\projects\输出数组中出现次数超过一半的数字\输出数组中出现次数超过一半的数字\test.cpp(36): error C2065: “numbers”: 未声明的标识符
     1>已完成生成项目“C:\Users\一路初心\Documents\Visual Studio 2013\Projects\输出数组中出现次数超过一半的数字\输出数组中出现次数超过一半的数字\输出数组中出现次数超过一半的数字.vcxproj”(Build 个目标)的操作 - 失败。

生成失败。

已用时间 00:00:01.28
